Start testing: Oct 16 11:52 CEST
----------------------------------------------------------
1/6 Testing: UtenteTest.Costruttore
1/6 Test: UtenteTest.Costruttore
Command: "/Users/gregoriogaetanilovatelli/Desktop/CLionProjects/Laboratorio/cmake-build-debug/UnitTests" "--gtest_filter=UtenteTest.Costruttore" "--gtest_also_run_disabled_tests"
Directory: /Users/gregoriogaetanilovatelli/Desktop/CLionProjects/Laboratorio/cmake-build-debug
"UtenteTest.Costruttore" start time: Oct 16 11:52 CEST
Output:
----------------------------------------------------------
Note: Google Test filter = UtenteTest.Costruttore
[==========] Running 1 test from 1 test suite.
[----------] Global test environment set-up.
[----------] 1 test from UtenteTest
[ RUN      ] UtenteTest.Costruttore
[       OK ] UtenteTest.Costruttore (0 ms)
[----------] 1 test from UtenteTest (0 ms total)

[----------] Global test environment tear-down
[==========] 1 test from 1 test suite ran. (0 ms total)
[  PASSED  ] 1 test.
<end of output>
Test time =   0.06 sec
----------------------------------------------------------
Test Passed.
"UtenteTest.Costruttore" end time: Oct 16 11:52 CEST
"UtenteTest.Costruttore" time elapsed: 00:00:00
----------------------------------------------------------

2/6 Testing: UtenteTest.AggiungiNotifica
2/6 Test: UtenteTest.AggiungiNotifica
Command: "/Users/gregoriogaetanilovatelli/Desktop/CLionProjects/Laboratorio/cmake-build-debug/UnitTests" "--gtest_filter=UtenteTest.AggiungiNotifica" "--gtest_also_run_disabled_tests"
Directory: /Users/gregoriogaetanilovatelli/Desktop/CLionProjects/Laboratorio/cmake-build-debug
"UtenteTest.AggiungiNotifica" start time: Oct 16 11:52 CEST
Output:
----------------------------------------------------------
Note: Google Test filter = UtenteTest.AggiungiNotifica
[==========] Running 1 test from 1 test suite.
[----------] Global test environment set-up.
[----------] 1 test from UtenteTest
[ RUN      ] UtenteTest.AggiungiNotifica
Hai ricevuto un messaggio da Nuovo messaggio da Luigi
[       OK ] UtenteTest.AggiungiNotifica (0 ms)
[----------] 1 test from UtenteTest (0 ms total)

[----------] Global test environment tear-down
[==========] 1 test from 1 test suite ran. (0 ms total)
[  PASSED  ] 1 test.
<end of output>
Test time =   0.00 sec
----------------------------------------------------------
Test Passed.
"UtenteTest.AggiungiNotifica" end time: Oct 16 11:52 CEST
"UtenteTest.AggiungiNotifica" time elapsed: 00:00:00
----------------------------------------------------------

3/6 Testing: MessaggioTest.Costruttore
3/6 Test: MessaggioTest.Costruttore
Command: "/Users/gregoriogaetanilovatelli/Desktop/CLionProjects/Laboratorio/cmake-build-debug/UnitTests" "--gtest_filter=MessaggioTest.Costruttore" "--gtest_also_run_disabled_tests"
Directory: /Users/gregoriogaetanilovatelli/Desktop/CLionProjects/Laboratorio/cmake-build-debug
"MessaggioTest.Costruttore" start time: Oct 16 11:52 CEST
Output:
----------------------------------------------------------
Note: Google Test filter = MessaggioTest.Costruttore
[==========] Running 1 test from 1 test suite.
[----------] Global test environment set-up.
[----------] 1 test from MessaggioTest
[ RUN      ] MessaggioTest.Costruttore
[       OK ] MessaggioTest.Costruttore (0 ms)
[----------] 1 test from MessaggioTest (0 ms total)

[----------] Global test environment tear-down
[==========] 1 test from 1 test suite ran. (0 ms total)
[  PASSED  ] 1 test.
<end of output>
Test time =   0.00 sec
----------------------------------------------------------
Test Passed.
"MessaggioTest.Costruttore" end time: Oct 16 11:52 CEST
"MessaggioTest.Costruttore" time elapsed: 00:00:00
----------------------------------------------------------

4/6 Testing: ChatTest.AggiungiMessaggio
4/6 Test: ChatTest.AggiungiMessaggio
Command: "/Users/gregoriogaetanilovatelli/Desktop/CLionProjects/Laboratorio/cmake-build-debug/UnitTests" "--gtest_filter=ChatTest.AggiungiMessaggio" "--gtest_also_run_disabled_tests"
Directory: /Users/gregoriogaetanilovatelli/Desktop/CLionProjects/Laboratorio/cmake-build-debug
"ChatTest.AggiungiMessaggio" start time: Oct 16 11:52 CEST
Output:
----------------------------------------------------------
Note: Google Test filter = ChatTest.AggiungiMessaggio
[==========] Running 1 test from 1 test suite.
[----------] Global test environment set-up.
[----------] 1 test from ChatTest
[ RUN      ] ChatTest.AggiungiMessaggio
[       OK ] ChatTest.AggiungiMessaggio (0 ms)
[----------] 1 test from ChatTest (0 ms total)

[----------] Global test environment tear-down
[==========] 1 test from 1 test suite ran. (0 ms total)
[  PASSED  ] 1 test.
<end of output>
Test time =   0.00 sec
----------------------------------------------------------
Test Passed.
"ChatTest.AggiungiMessaggio" end time: Oct 16 11:52 CEST
"ChatTest.AggiungiMessaggio" time elapsed: 00:00:00
----------------------------------------------------------

5/6 Testing: RegistroUtentiTest.RegistraUtente
5/6 Test: RegistroUtentiTest.RegistraUtente
Command: "/Users/gregoriogaetanilovatelli/Desktop/CLionProjects/Laboratorio/cmake-build-debug/UnitTests" "--gtest_filter=RegistroUtentiTest.RegistraUtente" "--gtest_also_run_disabled_tests"
Directory: /Users/gregoriogaetanilovatelli/Desktop/CLionProjects/Laboratorio/cmake-build-debug
"RegistroUtentiTest.RegistraUtente" start time: Oct 16 11:52 CEST
Output:
----------------------------------------------------------
Note: Google Test filter = RegistroUtentiTest.RegistraUtente
[==========] Running 1 test from 1 test suite.
[----------] Global test environment set-up.
[----------] 1 test from RegistroUtentiTest
[ RUN      ] RegistroUtentiTest.RegistraUtente
[       OK ] RegistroUtentiTest.RegistraUtente (2 ms)
[----------] 1 test from RegistroUtentiTest (2 ms total)

[----------] Global test environment tear-down
[==========] 1 test from 1 test suite ran. (2 ms total)
[  PASSED  ] 1 test.
<end of output>
Test time =   0.00 sec
----------------------------------------------------------
Test Passed.
"RegistroUtentiTest.RegistraUtente" end time: Oct 16 11:52 CEST
"RegistroUtentiTest.RegistraUtente" time elapsed: 00:00:00
----------------------------------------------------------

6/6 Testing: RegistroChatTest.AggiungiChat
6/6 Test: RegistroChatTest.AggiungiChat
Command: "/Users/gregoriogaetanilovatelli/Desktop/CLionProjects/Laboratorio/cmake-build-debug/UnitTests" "--gtest_filter=RegistroChatTest.AggiungiChat" "--gtest_also_run_disabled_tests"
Directory: /Users/gregoriogaetanilovatelli/Desktop/CLionProjects/Laboratorio/cmake-build-debug
"RegistroChatTest.AggiungiChat" start time: Oct 16 11:52 CEST
Output:
----------------------------------------------------------
Note: Google Test filter = RegistroChatTest.AggiungiChat
[==========] Running 1 test from 1 test suite.
[----------] Global test environment set-up.
[----------] 1 test from RegistroChatTest
[ RUN      ] RegistroChatTest.AggiungiChat
1. Chat con lapo1926
2. Chat con rebe1926
3. Chat con Luigi
[       OK ] RegistroChatTest.AggiungiChat (1 ms)
[----------] 1 test from RegistroChatTest (1 ms total)

[----------] Global test environment tear-down
[==========] 1 test from 1 test suite ran. (1 ms total)
[  PASSED  ] 1 test.
<end of output>
Test time =   0.00 sec
----------------------------------------------------------
Test Passed.
"RegistroChatTest.AggiungiChat" end time: Oct 16 11:52 CEST
"RegistroChatTest.AggiungiChat" time elapsed: 00:00:00
----------------------------------------------------------

End testing: Oct 16 11:52 CEST
